2024-04-18 17:04:27,757 [INFO] from play.api.http.EnabledFilters in play-dev-mode-akka.actor.default-dispatcher-5 - Enabled Filters (see <https://www.playframework.com/documentation/latest/Filters>):

    play.filters.csrf.CSRFFilter
    play.filters.headers.SecurityHeadersFilter
    play.filters.hosts.AllowedHostsFilter
    filters.ExampleFilter
    play.filters.cors.CORSFilter

2024-04-18 17:04:28,090 [INFO] from play.api.Play in play-dev-mode-akka.actor.default-dispatcher-5 - Application started (Dev) (no global state)
2024-04-18 17:04:28,669 [ERROR] from play.api.http.DefaultHttpErrorHandler in application-akka.actor.default-dispatcher-6 - 

! @858j3ehd5 - Internal server error, for (POST) [/new_graph] ->
 
play.api.http.HttpErrorHandlerExceptions$$anon$1: Execution exception[[JsResultException: JsResultException(errors:List((/constant_congestion,List(JsonValidationError(List(error.path.missing),List())))))]]
	at play.api.http.HttpErrorHandlerExceptions$.$anonfun$convertToPlayException$2(HttpErrorHandler.scala:400)
	at scala.Option.map(Option.scala:242)
	at play.api.http.HttpErrorHandlerExceptions$.convertToPlayException(HttpErrorHandler.scala:398)
	at play.api.http.HttpErrorHandlerExceptions$.throwableToUsefulException(HttpErrorHandler.scala:390)
	at play.api.http.DefaultHttpErrorHandler.onServerError(HttpErrorHandler.scala:267)
	at play.filters.cors.AbstractCORSPolicy$$anonfun$1.applyOrElse(AbstractCORSPolicy.scala:129)
	at play.filters.cors.AbstractCORSPolicy$$anonfun$1.applyOrElse(AbstractCORSPolicy.scala:127)
	at scala.concurrent.impl.Promise$Transformation.run(Promise.scala:490)
	at play.api.libs.streams.Execution$trampoline$.execute(Execution.scala:65)
	at scala.concurrent.impl.Promise$Transformation.submitWithValue(Promise.scala:429)
	at scala.concurrent.impl.Promise$DefaultPromise.submitWithValue(Promise.scala:338)
	at scala.concurrent.impl.Promise$DefaultPromise.dispatchOrAddCallbacks(Promise.scala:312)
	at scala.concurrent.impl.Promise$DefaultPromise.recoverWith(Promise.scala:200)
	at play.api.libs.streams.StrictAccumulator.$anonfun$recoverWith$3(Accumulator.scala:189)
	at scala.Function1.$anonfun$andThen$1(Function1.scala:87)
	at scala.Function1.$anonfun$andThen$1(Function1.scala:87)
	at scala.Function1.$anonfun$andThen$1(Function1.scala:87)
	at scala.Function1.$anonfun$andThen$1(Function1.scala:87)
	at scala.Function1.$anonfun$andThen$1(Function1.scala:87)
	at play.api.libs.streams.StrictAccumulator.run(Accumulator.scala:199)
	at play.core.server.AkkaHttpServer.$anonfun$runAction$3(AkkaHttpServer.scala:468)
	at akka.http.scaladsl.util.FastFuture$.strictTransform$1(FastFuture.scala:40)
	at akka.http.scaladsl.util.FastFuture$.$anonfun$transformWith$3(FastFuture.scala:50)
	at scala.concurrent.impl.Promise$Transformation.run(Promise.scala:484)
	at akka.dispatch.BatchingExecutor$AbstractBatch.processBatch(BatchingExecutor.scala:63)
	at akka.dispatch.BatchingExecutor$BlockableBatch.$anonfun$run$1(BatchingExecutor.scala:100)
	at scala.runtime.java8.JFunction0$mcV$sp.apply(JFunction0$mcV$sp.scala:18)
	at scala.concurrent.BlockContext$.withBlockContext(BlockContext.scala:94)
	at akka.dispatch.BatchingExecutor$BlockableBatch.run(BatchingExecutor.scala:100)
	at akka.dispatch.TaskInvocation.run(AbstractDispatcher.scala:49)
	at akka.dispatch.ForkJoinExecutorConfigurator$AkkaForkJoinTask.exec(ForkJoinExecutorConfigurator.scala:48)
	at java.base/java.util.concurrent.ForkJoinTask.doExec(ForkJoinTask.java:387)
	at java.base/java.util.concurrent.ForkJoinPool$WorkQueue.topLevelExec(ForkJoinPool.java:1311)
	at java.base/java.util.concurrent.ForkJoinPool.scan(ForkJoinPool.java:1840)
	at java.base/java.util.concurrent.ForkJoinPool.runWorker(ForkJoinPool.java:1806)
	at java.base/java.util.concurrent.ForkJoinWorkerThread.run(ForkJoinWorkerThread.java:177)
Caused by: play.api.libs.json.JsResultException: JsResultException(errors:List((/constant_congestion,List(JsonValidationError(List(error.path.missing),List())))))
	at play.api.libs.json.JsReadable.$anonfun$as$2(JsReadable.scala:25)
	at play.api.libs.json.JsError.fold(JsResult.scala:66)
	at play.api.libs.json.JsReadable.as(JsReadable.scala:24)
	at play.api.libs.json.JsReadable.as$(JsReadable.scala:23)
	at play.api.libs.json.JsObject.as(JsValue.scala:116)
	at controllers.ConfigController.getNewGraph(ConfigController.scala:42)
	at controllers.ConfigController.$anonfun$genGraph$1(ConfigController.scala:35)
	at play.api.mvc.ActionBuilderImpl.invokeBlock(Action.scala:496)
	at play.api.mvc.ActionBuilderImpl.invokeBlock(Action.scala:494)
	at play.api.mvc.ActionBuilder$$anon$9.apply(Action.scala:434)
	at play.api.mvc.Action.$anonfun$apply$6(Action.scala:83)
	at play.api.mvc.BodyParser$.$anonfun$runParserThenInvokeAction$1(Action.scala:260)
	at play.api.libs.streams.StrictAccumulator.$anonfun$mapFuture$4(Accumulator.scala:167)
	at scala.util.Try$.apply(Try.scala:217)
	at play.api.libs.streams.StrictAccumulator.$anonfun$mapFuture$3(Accumulator.scala:167)
	at scala.Function1.$anonfun$andThen$1(Function1.scala:87)
	... 22 common frames omitted
2024-04-18 17:06:36,546 [INFO] from play.api.internal.libs.concurrent.CoordinatedShutdownSupport in pool-5-thread-1 - Starting synchronous coordinated shutdown with ServerStoppedReason reason and 40000 milliseconds timeout
2024-04-18 17:06:36,551 [INFO] from play.core.server.AkkaHttpServer in pool-5-thread-1 - Stopping Akka HTTP server...
2024-04-18 17:06:36,566 [INFO] from play.core.server.AkkaHttpServer in play-dev-mode-akka.actor.internal-dispatcher-4 - Unbinding /[0:0:0:0:0:0:0:0]:9000
2024-04-18 17:06:36,578 [INFO] from play.core.server.AkkaHttpServer in play-dev-mode-akka.actor.internal-dispatcher-4 - Terminating server binding for /[0:0:0:0:0:0:0:0]:9000
2024-04-18 17:06:36,660 [INFO] from play.core.server.AkkaHttpServer in play-dev-mode-akka.actor.internal-dispatcher-2 - Running provided shutdown stop hooks
